<?xml version="1.0" encoding="UTF-8"?>
<!-- Generated by org.testng.reporters.JUnitReportReporter -->
<testsuite hostname="DDC-RM-OZEH1" failures="0" tests="2" name="TestNG.TestNG1" time="0.015" errors="0" timestamp="2024-07-02T15:07:08 CDT" skipped="0">
  <testcase classname="TestNG.TestNG1" name="test" time="0.002"/>
  <testcase classname="TestNG.TestNG1" name="logging" time="0.013"/>
</testsuite> <!-- TestNG.TestNG1 -->
